2025-03-13 13:30:45.779 [info] read schema from vscode: vscode://schemas/settings/user
2025-03-13 13:30:45.976 [info] read schema from vscode: vscode://schemas/settings/resourceLanguage
2025-03-13 13:30:45.978 [info] read schema from vscode: vscode://schemas/ignoredSettings
2025-03-13 13:30:45.986 [info] read schema from vscode: vscode://schemas/launch
2025-03-13 13:30:45.993 [info] read schema from vscode: vscode://schemas/token-styling
2025-03-13 13:30:45.994 [info] read schema from vscode: vscode://schemas/textmate-colors
2025-03-13 13:30:45.994 [info] read schema from vscode: vscode://schemas/workbench-colors
2025-03-13 13:30:46.870 [info] schema change detected vscode://schemas/settings/user
2025-03-13 13:30:46.872 [info] read schema from vscode: vscode://schemas/settings/user
2025-03-13 13:30:50.376 [info] schema change detected vscode://schemas/settings/resourceLanguage
2025-03-13 13:30:50.377 [info] read schema from vscode: vscode://schemas/settings/user
2025-03-13 13:30:50.383 [info] schema change detected vscode://schemas/ignoredSettings
2025-03-13 13:30:50.442 [info] schema change detected vscode://schemas/settings/user
2025-03-13 13:30:50.468 [info] read schema from vscode: vscode://schemas/settings/resourceLanguage
2025-03-13 13:30:50.469 [info] read schema from vscode: vscode://schemas/ignoredSettings
2025-03-13 13:30:50.469 [info] schema change detected vscode://schemas/workbench-colors
2025-03-13 13:30:50.547 [info] cancelled
2025-03-13 13:30:50.549 [info] read schema from vscode: vscode://schemas/settings/user
2025-03-13 13:30:50.653 [info] read schema from vscode: vscode://schemas/workbench-colors
2025-03-13 13:30:55.152 [info] schema change detected vscode://schemas/settings/resourceLanguage
2025-03-13 13:30:55.155 [info] read schema from vscode: vscode://schemas/settings/user
2025-03-13 13:30:55.160 [info] schema change detected vscode://schemas/ignoredSettings
2025-03-13 13:30:55.236 [info] read schema from vscode: vscode://schemas/settings/resourceLanguage
2025-03-13 13:30:55.236 [info] read schema from vscode: vscode://schemas/ignoredSettings
2025-03-13 13:30:55.254 [info] schema change detected vscode://schemas/settings/user
2025-03-13 13:30:55.352 [info] cancelled
2025-03-13 13:30:55.355 [info] read schema from vscode: vscode://schemas/settings/user
2025-03-13 13:31:02.543 [info] schema change detected vscode://schemas/settings/user
2025-03-13 13:31:02.549 [info] read schema from vscode: vscode://schemas/settings/user
2025-03-13 13:31:06.139 [info] schema change detected vscode://schemas/ignoredSettings
2025-03-13 13:31:06.141 [info] read schema from vscode: vscode://schemas/settings/user
2025-03-13 13:31:06.259 [info] read schema from vscode: vscode://schemas/settings/resourceLanguage
2025-03-13 13:31:06.259 [info] read schema from vscode: vscode://schemas/ignoredSettings
2025-03-13 13:31:06.261 [info] read schema from vscode: vscode://schemas/launch
2025-03-13 13:31:06.263 [info] read schema from vscode: vscode://schemas/token-styling
2025-03-13 13:31:06.265 [info] read schema from vscode: vscode://schemas/textmate-colors
2025-03-13 13:31:06.267 [info] read schema from vscode: vscode://schemas/workbench-colors
2025-03-13 13:31:06.293 [info] schema change detected vscode://schemas/settings/user
2025-03-13 13:31:06.481 [info] cancelled
2025-03-13 13:31:06.510 [info] read schema from vscode: vscode://schemas/settings/user
2025-03-13 13:31:07.165 [info] schema change detected vscode://schemas/settings/resourceLanguage
2025-03-13 13:31:07.167 [info] read schema from vscode: vscode://schemas/settings/user
2025-03-13 13:31:07.171 [info] schema change detected vscode://schemas/ignoredSettings
2025-03-13 13:31:07.260 [info] read schema from vscode: vscode://schemas/settings/resourceLanguage
2025-03-13 13:31:07.260 [info] read schema from vscode: vscode://schemas/ignoredSettings
2025-03-13 13:31:07.287 [info] schema change detected vscode://schemas/settings/user
2025-03-13 13:31:07.335 [info] cancelled
2025-03-13 13:31:07.336 [info] read schema from vscode: vscode://schemas/settings/user
2025-03-13 13:31:08.908 [info] schema change detected vscode://schemas/settings/user
2025-03-13 13:31:08.910 [info] read schema from vscode: vscode://schemas/settings/user
2025-03-13 13:31:29.597 [info] schema change detected vscode://schemas/settings/user
